This is pdfTeX, Version 3.14159265-2.6-1.40.20 (TeX Live 2019) (preloaded format=pdflatex 2019.5.8)  19 APR 2020 17:19
entering extended mode
 restricted \write18 enabled.
 file:line:error style messages enabled.
 %&-line parsing enabled.
**main.tex
(./main.tex
LaTeX2e <2018-12-01>
(./if-beamer.cls
Document Class: if-beamer 10/09/2018, v1.0.1
(/usr/local/texlive/2019/texmf-dist/tex/latex/beamer/beamer.cls
Document Class: beamer 2018/12/02 v3.55 A class for typesetting presentations
(/usr/local/texlive/2019/texmf-dist/tex/latex/beamer/beamerbasemodes.sty
(/usr/local/texlive/2019/texmf-dist/tex/latex/etoolbox/etoolbox.sty
Package: etoolbox 2018/08/19 v2.5f e-TeX tools for LaTeX (JAW)
\etb@tempcnta=\count80
)
\beamer@tempbox=\box27
\beamer@tempcount=\count81
\c@beamerpauses=\count82

(/usr/local/texlive/2019/texmf-dist/tex/latex/beamer/beamerbasedecode.sty
\beamer@slideinframe=\count83
\beamer@minimum=\count84
)
\beamer@commentbox=\box28
\beamer@modecount=\count85
)
(/usr/local/texlive/2019/texmf-dist/tex/generic/oberdiek/ifpdf.sty
Package: ifpdf 2018/09/07 v3.3 Provides the ifpdf switch
)
\headdp=\dimen102
\footheight=\dimen103
\sidebarheight=\dimen104
\beamer@tempdim=\dimen105
\beamer@finalheight=\dimen106
\beamer@animht=\dimen107
\beamer@animdp=\dimen108
\beamer@animwd=\dimen109
\beamer@leftmargin=\dimen110
\beamer@rightmargin=\dimen111
\beamer@leftsidebar=\dimen112
\beamer@rightsidebar=\dimen113
\beamer@boxsize=\dimen114
\beamer@vboxoffset=\dimen115
\beamer@descdefault=\dimen116
\beamer@descriptionwidth=\dimen117
\beamer@lastskip=\skip41
\beamer@areabox=\box29
\beamer@animcurrent=\box30
\beamer@animshowbox=\box31
\beamer@sectionbox=\box32
\beamer@logobox=\box33
\beamer@linebox=\box34
\beamer@sectioncount=\count86
\beamer@subsubsectionmax=\count87
\beamer@subsectionmax=\count88
\beamer@sectionmax=\count89
\beamer@totalheads=\count90
\beamer@headcounter=\count91
\beamer@partstartpage=\count92
\beamer@sectionstartpage=\count93
\beamer@subsectionstartpage=\count94
\beamer@animationtempa=\count95
\beamer@animationtempb=\count96
\beamer@xpos=\count97
\beamer@ypos=\count98
\beamer@ypos@offset=\count99
\beamer@showpartnumber=\count100
\beamer@currentsubsection=\count101
\beamer@coveringdepth=\count102
\beamer@sectionadjust=\count103
\beamer@tocsectionnumber=\count104

(/usr/local/texlive/2019/texmf-dist/tex/latex/beamer/beamerbaseoptions.sty
(/usr/local/texlive/2019/texmf-dist/tex/latex/graphics/keyval.sty
Package: keyval 2014/10/28 v1.15 key=value parser (DPC)
\KV@toks@=\toks14
))
\beamer@paperwidth=\skip42
\beamer@paperheight=\skip43

(/usr/local/texlive/2019/texmf-dist/tex/latex/geometry/geometry.sty
Package: geometry 2018/04/16 v5.8 Page Geometry

(/usr/local/texlive/2019/texmf-dist/tex/generic/oberdiek/ifvtex.sty
Package: ifvtex 2016/05/16 v1.6 Detect VTeX and its facilities (HO)
Package ifvtex Info: VTeX not detected.
)
(/usr/local/texlive/2019/texmf-dist/tex/generic/ifxetex/ifxetex.sty
Package: ifxetex 2010/09/12 v0.6 Provides ifxetex conditional
)
\Gm@cnth=\count105
\Gm@cntv=\count106
\c@Gm@tempcnt=\count107
\Gm@bindingoffset=\dimen118
\Gm@wd@mp=\dimen119
\Gm@odd@mp=\dimen120
\Gm@even@mp=\dimen121
\Gm@layoutwidth=\dimen122
\Gm@layoutheight=\dimen123
\Gm@layouthoffset=\dimen124
\Gm@layoutvoffset=\dimen125
\Gm@dimlist=\toks15
)
(/usr/local/texlive/2019/texmf-dist/tex/latex/base/size10.clo
File: size10.clo 2018/09/03 v1.4i Standard LaTeX file (size option)
)
(/usr/local/texlive/2019/texmf-dist/tex/latex/pgf/basiclayer/pgfcore.sty
(/usr/local/texlive/2019/texmf-dist/tex/latex/graphics/graphicx.sty
Package: graphicx 2017/06/01 v1.1a Enhanced LaTeX Graphics (DPC,SPQR)

(/usr/local/texlive/2019/texmf-dist/tex/latex/graphics/graphics.sty
Package: graphics 2017/06/25 v1.2c Standard LaTeX Graphics (DPC,SPQR)

(/usr/local/texlive/2019/texmf-dist/tex/latex/graphics/trig.sty
Package: trig 2016/01/03 v1.10 sin cos tan (DPC)
)
(/usr/local/texlive/2019/texmf-dist/tex/latex/graphics-cfg/graphics.cfg
File: graphics.cfg 2016/06/04 v1.11 sample graphics configuration
)
Package graphics Info: Driver file: pdftex.def on input line 99.

(/usr/local/texlive/2019/texmf-dist/tex/latex/graphics-def/pdftex.def
File: pdftex.def 2018/01/08 v1.0l Graphics/color driver for pdftex
))
\Gin@req@height=\dimen126
\Gin@req@width=\dimen127
)
(/usr/local/texlive/2019/texmf-dist/tex/latex/pgf/systemlayer/pgfsys.sty
(/usr/local/texlive/2019/texmf-dist/tex/latex/pgf/utilities/pgfrcs.sty
(/usr/local/texlive/2019/texmf-dist/tex/generic/pgf/utilities/pgfutil-common.te
x
\pgfutil@everybye=\toks16
\pgfutil@tempdima=\dimen128
\pgfutil@tempdimb=\dimen129

(/usr/local/texlive/2019/texmf-dist/tex/generic/pgf/utilities/pgfutil-common-li
sts.tex))
(/usr/local/texlive/2019/texmf-dist/tex/generic/pgf/utilities/pgfutil-latex.def
\pgfutil@abb=\box35
(/usr/local/texlive/2019/texmf-dist/tex/latex/ms/everyshi.sty
Package: everyshi 2001/05/15 v3.00 EveryShipout Package (MS)
))
(/usr/local/texlive/2019/texmf-dist/tex/generic/pgf/utilities/pgfrcs.code.tex
(/usr/local/texlive/2019/texmf-dist/tex/generic/pgf/pgf.revision.tex)
Package: pgfrcs 2019/04/04 v3.1.2 (3.1.2)
))
(/usr/local/texlive/2019/texmf-dist/tex/generic/pgf/systemlayer/pgfsys.code.tex
Package: pgfsys 2019/04/04 v3.1.2 (3.1.2)
(/usr/local/texlive/2019/texmf-dist/tex/generic/pgf/utilities/pgfkeys.code.tex
\pgfkeys@pathtoks=\toks17
\pgfkeys@temptoks=\toks18

(/usr/local/texlive/2019/texmf-dist/tex/generic/pgf/utilities/pgfkeysfiltered.c
ode.tex
\pgfkeys@tmptoks=\toks19
))
\pgf@x=\dimen130
\pgf@y=\dimen131
\pgf@xa=\dimen132
\pgf@ya=\dimen133
\pgf@xb=\dimen134
\pgf@yb=\dimen135
\pgf@xc=\dimen136
\pgf@yc=\dimen137
\w@pgf@writea=\write3
\r@pgf@reada=\read1
\c@pgf@counta=\count108
\c@pgf@countb=\count109
\c@pgf@countc=\count110
\c@pgf@countd=\count111
\t@pgf@toka=\toks20
\t@pgf@tokb=\toks21
\t@pgf@tokc=\toks22
\pgf@sys@id@count=\count112

(/usr/local/texlive/2019/texmf-dist/tex/generic/pgf/systemlayer/pgf.cfg
File: pgf.cfg 2019/04/04 v3.1.2 (3.1.2)
)
Driver file for pgf: pgfsys-pdftex.def

(/usr/local/texlive/2019/texmf-dist/tex/generic/pgf/systemlayer/pgfsys-pdftex.d
ef
File: pgfsys-pdftex.def 2019/04/04 v3.1.2 (3.1.2)

(/usr/local/texlive/2019/texmf-dist/tex/generic/pgf/systemlayer/pgfsys-common-p
df.def
File: pgfsys-common-pdf.def 2019/04/04 v3.1.2 (3.1.2)
)))
(/usr/local/texlive/2019/texmf-dist/tex/generic/pgf/systemlayer/pgfsyssoftpath.
code.tex
File: pgfsyssoftpath.code.tex 2019/04/04 v3.1.2 (3.1.2)
\pgfsyssoftpath@smallbuffer@items=\count113
\pgfsyssoftpath@bigbuffer@items=\count114
)
(/usr/local/texlive/2019/texmf-dist/tex/generic/pgf/systemlayer/pgfsysprotocol.
code.tex
File: pgfsysprotocol.code.tex 2019/04/04 v3.1.2 (3.1.2)
)) (/usr/local/texlive/2019/texmf-dist/tex/latex/xcolor/xcolor.sty
Package: xcolor 2016/05/11 v2.12 LaTeX color extensions (UK)

(/usr/local/texlive/2019/texmf-dist/tex/latex/graphics-cfg/color.cfg
File: color.cfg 2016/01/02 v1.6 sample color configuration
)
Package xcolor Info: Driver file: pdftex.def on input line 225.
Package xcolor Info: Model `cmy' substituted by `cmy0' on input line 1348.
Package xcolor Info: Model `hsb' substituted by `rgb' on input line 1352.
Package xcolor Info: Model `RGB' extended on input line 1364.
Package xcolor Info: Model `HTML' substituted by `rgb' on input line 1366.
Package xcolor Info: Model `Hsb' substituted by `hsb' on input line 1367.
Package xcolor Info: Model `tHsb' substituted by `hsb' on input line 1368.
Package xcolor Info: Model `HSB' substituted by `hsb' on input line 1369.
Package xcolor Info: Model `Gray' substituted by `gray' on input line 1370.
Package xcolor Info: Model `wave' substituted by `hsb' on input line 1371.

(/usr/local/texlive/2019/texmf-dist/tex/latex/xcolor/svgnam.def
File: svgnam.def 2016/05/11 v2.12 Predefined colors according to SVG 1.1 (UK)
))
(/usr/local/texlive/2019/texmf-dist/tex/generic/pgf/basiclayer/pgfcore.code.tex
Package: pgfcore 2019/04/04 v3.1.2 (3.1.2)
(/usr/local/texlive/2019/texmf-dist/tex/generic/pgf/math/pgfmath.code.tex
(/usr/local/texlive/2019/texmf-dist/tex/generic/pgf/math/pgfmathcalc.code.tex
(/usr/local/texlive/2019/texmf-dist/tex/generic/pgf/math/pgfmathutil.code.tex)
(/usr/local/texlive/2019/texmf-dist/tex/generic/pgf/math/pgfmathparser.code.tex
\pgfmath@dimen=\dimen138
\pgfmath@count=\count115
\pgfmath@box=\box36
\pgfmath@toks=\toks23
\pgfmath@stack@operand=\toks24
\pgfmath@stack@operation=\toks25
)
(/usr/local/texlive/2019/texmf-dist/tex/generic/pgf/math/pgfmathfunctions.code.
tex
(/usr/local/texlive/2019/texmf-dist/tex/generic/pgf/math/pgfmathfunctions.basic
.code.tex)
(/usr/local/texlive/2019/texmf-dist/tex/generic/pgf/math/pgfmathfunctions.trigo
nometric.code.tex)
(/usr/local/texlive/2019/texmf-dist/tex/generic/pgf/math/pgfmathfunctions.rando
m.code.tex)
(/usr/local/texlive/2019/texmf-dist/tex/generic/pgf/math/pgfmathfunctions.compa
rison.code.tex)
(/usr/local/texlive/2019/texmf-dist/tex/generic/pgf/math/pgfmathfunctions.base.
code.tex)
(/usr/local/texlive/2019/texmf-dist/tex/generic/pgf/math/pgfmathfunctions.round
.code.tex)
(/usr/local/texlive/2019/texmf-dist/tex/generic/pgf/math/pgfmathfunctions.misc.
code.tex)
(/usr/local/texlive/2019/texmf-dist/tex/generic/pgf/math/pgfmathfunctions.integ
erarithmetics.code.tex)))
(/usr/local/texlive/2019/texmf-dist/tex/generic/pgf/math/pgfmathfloat.code.tex
\c@pgfmathroundto@lastzeros=\count116
))
(/usr/local/texlive/2019/texmf-dist/tex/generic/pgf/basiclayer/pgfcorepoints.co
de.tex
File: pgfcorepoints.code.tex 2019/04/04 v3.1.2 (3.1.2)
\pgf@picminx=\dimen139
\pgf@picmaxx=\dimen140
\pgf@picminy=\dimen141
\pgf@picmaxy=\dimen142
\pgf@pathminx=\dimen143
\pgf@pathmaxx=\dimen144
\pgf@pathminy=\dimen145
\pgf@pathmaxy=\dimen146
\pgf@xx=\dimen147
\pgf@xy=\dimen148
\pgf@yx=\dimen149
\pgf@yy=\dimen150
\pgf@zx=\dimen151
\pgf@zy=\dimen152
)
(/usr/local/texlive/2019/texmf-dist/tex/generic/pgf/basiclayer/pgfcorepathconst
ruct.code.tex
File: pgfcorepathconstruct.code.tex 2019/04/04 v3.1.2 (3.1.2)
\pgf@path@lastx=\dimen153
\pgf@path@lasty=\dimen154
)
(/usr/local/texlive/2019/texmf-dist/tex/generic/pgf/basiclayer/pgfcorepathusage
.code.tex
File: pgfcorepathusage.code.tex 2019/04/04 v3.1.2 (3.1.2)
\pgf@shorten@end@additional=\dimen155
\pgf@shorten@start@additional=\dimen156
)
(/usr/local/texlive/2019/texmf-dist/tex/generic/pgf/basiclayer/pgfcorescopes.co
de.tex
File: pgfcorescopes.code.tex 2019/04/04 v3.1.2 (3.1.2)
\pgfpic=\box37
\pgf@hbox=\box38
\pgf@layerbox@main=\box39
\pgf@picture@serial@count=\count117
)
(/usr/local/texlive/2019/texmf-dist/tex/generic/pgf/basiclayer/pgfcoregraphicst
ate.code.tex
File: pgfcoregraphicstate.code.tex 2019/04/04 v3.1.2 (3.1.2)
\pgflinewidth=\dimen157
)
(/usr/local/texlive/2019/texmf-dist/tex/generic/pgf/basiclayer/pgfcoretransform
ations.code.tex
File: pgfcoretransformations.code.tex 2019/04/04 v3.1.2 (3.1.2)
\pgf@pt@x=\dimen158
\pgf@pt@y=\dimen159
\pgf@pt@temp=\dimen160
)
(/usr/local/texlive/2019/texmf-dist/tex/generic/pgf/basiclayer/pgfcorequick.cod
e.tex
File: pgfcorequick.code.tex 2019/04/04 v3.1.2 (3.1.2)
)
(/usr/local/texlive/2019/texmf-dist/tex/generic/pgf/basiclayer/pgfcoreobjects.c
ode.tex
File: pgfcoreobjects.code.tex 2019/04/04 v3.1.2 (3.1.2)
)
(/usr/local/texlive/2019/texmf-dist/tex/generic/pgf/basiclayer/pgfcorepathproce
ssing.code.tex
File: pgfcorepathprocessing.code.tex 2019/04/04 v3.1.2 (3.1.2)
)
(/usr/local/texlive/2019/texmf-dist/tex/generic/pgf/basiclayer/pgfcorearrows.co
de.tex
File: pgfcorearrows.code.tex 2019/04/04 v3.1.2 (3.1.2)
\pgfarrowsep=\dimen161
)
(/usr/local/texlive/2019/texmf-dist/tex/generic/pgf/basiclayer/pgfcoreshade.cod
e.tex
File: pgfcoreshade.code.tex 2019/04/04 v3.1.2 (3.1.2)
\pgf@max=\dimen162
\pgf@sys@shading@range@num=\count118
\pgf@shadingcount=\count119
)
(/usr/local/texlive/2019/texmf-dist/tex/generic/pgf/basiclayer/pgfcoreimage.cod
e.tex
File: pgfcoreimage.code.tex 2019/04/04 v3.1.2 (3.1.2)

(/usr/local/texlive/2019/texmf-dist/tex/generic/pgf/basiclayer/pgfcoreexternal.
code.tex
File: pgfcoreexternal.code.tex 2019/04/04 v3.1.2 (3.1.2)
\pgfexternal@startupbox=\box40
))
(/usr/local/texlive/2019/texmf-dist/tex/generic/pgf/basiclayer/pgfcorelayers.co
de.tex
File: pgfcorelayers.code.tex 2019/04/04 v3.1.2 (3.1.2)
)
(/usr/local/texlive/2019/texmf-dist/tex/generic/pgf/basiclayer/pgfcoretranspare
ncy.code.tex
File: pgfcoretransparency.code.tex 2019/04/04 v3.1.2 (3.1.2)
)
(/usr/local/texlive/2019/texmf-dist/tex/generic/pgf/basiclayer/pgfcorepatterns.
code.tex
File: pgfcorepatterns.code.tex 2019/04/04 v3.1.2 (3.1.2)
)
(/usr/local/texlive/2019/texmf-dist/tex/generic/pgf/basiclayer/pgfcorerdf.code.
tex
File: pgfcorerdf.code.tex 2019/04/04 v3.1.2 (3.1.2)
))) (/usr/local/texlive/2019/texmf-dist/tex/latex/pgf/utilities/xxcolor.sty
Package: xxcolor 2003/10/24 ver 0.1
\XC@nummixins=\count120
\XC@countmixins=\count121
) (/usr/local/texlive/2019/texmf-dist/tex/generic/oberdiek/atbegshi.sty
Package: atbegshi 2016/06/09 v1.18 At begin shipout hook (HO)

(/usr/local/texlive/2019/texmf-dist/tex/generic/oberdiek/infwarerr.sty
Package: infwarerr 2016/05/16 v1.4 Providing info/warning/error messages (HO)
)
(/usr/local/texlive/2019/texmf-dist/tex/generic/oberdiek/ltxcmds.sty
Package: ltxcmds 2016/05/16 v1.23 LaTeX kernel commands for general use (HO)
))
(/usr/local/texlive/2019/texmf-dist/tex/latex/hyperref/hyperref.sty
Package: hyperref 2018/11/30 v6.88e Hypertext links for LaTeX

(/usr/local/texlive/2019/texmf-dist/tex/generic/oberdiek/hobsub-hyperref.sty
Package: hobsub-hyperref 2016/05/16 v1.14 Bundle oberdiek, subset hyperref (HO)


(/usr/local/texlive/2019/texmf-dist/tex/generic/oberdiek/hobsub-generic.sty
Package: hobsub-generic 2016/05/16 v1.14 Bundle oberdiek, subset generic (HO)
Package: hobsub 2016/05/16 v1.14 Construct package bundles (HO)
Package hobsub Info: Skipping package `infwarerr' (already loaded).
Package hobsub Info: Skipping package `ltxcmds' (already loaded).
Package: ifluatex 2016/05/16 v1.4 Provides the ifluatex switch (HO)
Package ifluatex Info: LuaTeX not detected.
Package hobsub Info: Skipping package `ifvtex' (already loaded).
Package: intcalc 2016/05/16 v1.2 Expandable calculations with integers (HO)
Package hobsub Info: Skipping package `ifpdf' (already loaded).
Package: etexcmds 2016/05/16 v1.6 Avoid name clashes with e-TeX commands (HO)
Package: kvsetkeys 2016/05/16 v1.17 Key value parser (HO)
Package: kvdefinekeys 2016/05/16 v1.4 Define keys (HO)
Package: pdftexcmds 2018/09/10 v0.29 Utility functions of pdfTeX for LuaTeX (HO
)
Package pdftexcmds Info: LuaTeX not detected.
Package pdftexcmds Info: \pdf@primitive is available.
Package pdftexcmds Info: \pdf@ifprimitive is available.
Package pdftexcmds Info: \pdfdraftmode found.
Package: pdfescape 2016/05/16 v1.14 Implements pdfTeX's escape features (HO)
Package: bigintcalc 2016/05/16 v1.4 Expandable calculations on big integers (HO
)
Package: bitset 2016/05/16 v1.2 Handle bit-vector datatype (HO)
Package: uniquecounter 2016/05/16 v1.3 Provide unlimited unique counter (HO)
)
Package hobsub Info: Skipping package `hobsub' (already loaded).
Package: letltxmacro 2016/05/16 v1.5 Let assignment for LaTeX macros (HO)
Package: hopatch 2016/05/16 v1.3 Wrapper for package hooks (HO)
Package: xcolor-patch 2016/05/16 xcolor patch
Package: atveryend 2016/05/16 v1.9 Hooks at the very end of document (HO)
Package hobsub Info: Skipping package `atbegshi' (already loaded).
Package: refcount 2016/05/16 v3.5 Data extraction from label references (HO)
Package: hycolor 2016/05/16 v1.8 Color options for hyperref/bookmark (HO)
)
(/usr/local/texlive/2019/texmf-dist/tex/latex/oberdiek/auxhook.sty
Package: auxhook 2016/05/16 v1.4 Hooks for auxiliary files (HO)
)
(/usr/local/texlive/2019/texmf-dist/tex/latex/oberdiek/kvoptions.sty
Package: kvoptions 2016/05/16 v3.12 Key value format for package options (HO)
)
\@linkdim=\dimen163
\Hy@linkcounter=\count122
\Hy@pagecounter=\count123

(/usr/local/texlive/2019/texmf-dist/tex/latex/hyperref/pd1enc.def
File: pd1enc.def 2018/11/30 v6.88e Hyperref: PDFDocEncoding definition (HO)
Now handling font encoding PD1 ...
... no UTF-8 mapping file for font encoding PD1
)
\Hy@SavedSpaceFactor=\count124

(/usr/local/texlive/2019/texmf-dist/tex/latex/latexconfig/hyperref.cfg
File: hyperref.cfg 2002/06/06 v1.2 hyperref configuration of TeXLive
)
Package hyperref Info: Option `bookmarks' set `true' on input line 4393.
Package hyperref Info: Option `bookmarksopen' set `true' on input line 4393.
Package hyperref Info: Option `implicit' set `false' on input line 4393.
Package hyperref Info: Hyper figures OFF on input line 4519.
Package hyperref Info: Link nesting OFF on input line 4524.
Package hyperref Info: Hyper index ON on input line 4527.
Package hyperref Info: Plain pages OFF on input line 4534.
Package hyperref Info: Backreferencing OFF on input line 4539.
Package hyperref Info: Implicit mode OFF; no redefinition of LaTeX internals.
Package hyperref Info: Bookmarks ON on input line 4772.
\c@Hy@tempcnt=\count125

(/usr/local/texlive/2019/texmf-dist/tex/latex/url/url.sty
\Urlmuskip=\muskip10
Package: url 2013/09/16  ver 3.4  Verb mode for urls, etc.
)
LaTeX Info: Redefining \url on input line 5125.
\XeTeXLinkMargin=\dimen164
\Fld@menulength=\count126
\Field@Width=\dimen165
\Fld@charsize=\dimen166
Package hyperref Info: Hyper figures OFF on input line 6380.
Package hyperref Info: Link nesting OFF on input line 6385.
Package hyperref Info: Hyper index ON on input line 6388.
Package hyperref Info: backreferencing OFF on input line 6395.
Package hyperref Info: Link coloring OFF on input line 6400.
Package hyperref Info: Link coloring with OCG OFF on input line 6405.
Package hyperref Info: PDF/A mode OFF on input line 6410.
LaTeX Info: Redefining \ref on input line 6450.
LaTeX Info: Redefining \pageref on input line 6454.
\Hy@abspage=\count127


Package hyperref Message: Stopped early.

)
Package hyperref Info: Driver (autodetected): hpdftex.
 (/usr/local/texlive/2019/texmf-dist/tex/latex/hyperref/hpdftex.def
File: hpdftex.def 2018/11/30 v6.88e Hyperref driver for pdfTeX
\Fld@listcount=\count128
\c@bookmark@seq@number=\count129

(/usr/local/texlive/2019/texmf-dist/tex/latex/oberdiek/rerunfilecheck.sty
Package: rerunfilecheck 2016/05/16 v1.8 Rerun checks for auxiliary files (HO)
Package uniquecounter Info: New unique counter `rerunfilecheck' on input line 2
82.
))
(/usr/local/texlive/2019/texmf-dist/tex/latex/beamer/beamerbaserequires.sty
(/usr/local/texlive/2019/texmf-dist/tex/latex/beamer/beamerbasecompatibility.st
y) (/usr/local/texlive/2019/texmf-dist/tex/latex/beamer/beamerbasefont.sty
(/usr/local/texlive/2019/texmf-dist/tex/latex/amsfonts/amssymb.sty
Package: amssymb 2013/01/14 v3.01 AMS font symbols

(/usr/local/texlive/2019/texmf-dist/tex/latex/amsfonts/amsfonts.sty
Package: amsfonts 2013/01/14 v3.01 Basic AMSFonts support
\@emptytoks=\toks26
\symAMSa=\mathgroup4
\symAMSb=\mathgroup5
LaTeX Font Info:    Overwriting math alphabet `\mathfrak' in version `bold'
(Font)                  U/euf/m/n --> U/euf/b/n on input line 106.
))
(/usr/local/texlive/2019/texmf-dist/tex/latex/sansmathaccent/sansmathaccent.sty
Package: sansmathaccent 2013/03/28
(/usr/local/texlive/2019/texmf-dist/tex/latex/filehook/filehook.sty
Package: filehook 2011/10/12 v0.5d Hooks for input files
)))
(/usr/local/texlive/2019/texmf-dist/tex/latex/beamer/beamerbasetranslator.sty
(/usr/local/texlive/2019/texmf-dist/tex/latex/translator/translator.sty
Package: translator 2018/01/04 v1.12 Easy translation of strings in LaTeX
))
(/usr/local/texlive/2019/texmf-dist/tex/latex/beamer/beamerbasemisc.sty)
(/usr/local/texlive/2019/texmf-dist/tex/latex/beamer/beamerbasetwoscreens.sty)
(/usr/local/texlive/2019/texmf-dist/tex/latex/beamer/beamerbaseoverlay.sty
\beamer@argscount=\count130
\beamer@lastskipcover=\skip44
\beamer@trivlistdepth=\count131
)
(/usr/local/texlive/2019/texmf-dist/tex/latex/beamer/beamerbasetitle.sty)
(/usr/local/texlive/2019/texmf-dist/tex/latex/beamer/beamerbasesection.sty
\c@lecture=\count132
\c@part=\count133
\c@section=\count134
\c@subsection=\count135
\c@subsubsection=\count136
)
(/usr/local/texlive/2019/texmf-dist/tex/latex/beamer/beamerbaseframe.sty
\beamer@framebox=\box41
\beamer@frametitlebox=\box42
\beamer@zoombox=\box43
\beamer@zoomcount=\count137
\beamer@zoomframecount=\count138
\beamer@frametextheight=\dimen167
\c@subsectionslide=\count139
\beamer@frametopskip=\skip45
\beamer@framebottomskip=\skip46
\beamer@frametopskipautobreak=\skip47
\beamer@framebottomskipautobreak=\skip48
\beamer@envbody=\toks27
\framewidth=\dimen168
\c@framenumber=\count140
)
(/usr/local/texlive/2019/texmf-dist/tex/latex/beamer/beamerbaseverbatim.sty
\beamer@verbatimfileout=\write4
)
(/usr/local/texlive/2019/texmf-dist/tex/latex/beamer/beamerbaseframesize.sty
\beamer@splitbox=\box44
\beamer@autobreakcount=\count141
\beamer@autobreaklastheight=\dimen169
\beamer@frametitletoks=\toks28
\beamer@framesubtitletoks=\toks29
)
(/usr/local/texlive/2019/texmf-dist/tex/latex/beamer/beamerbaseframecomponents.
sty
\beamer@footins=\box45
) (/usr/local/texlive/2019/texmf-dist/tex/latex/beamer/beamerbasecolor.sty)
(/usr/local/texlive/2019/texmf-dist/tex/latex/beamer/beamerbasenotes.sty
\beamer@frameboxcopy=\box46
)
(/usr/local/texlive/2019/texmf-dist/tex/latex/beamer/beamerbasetoc.sty)
(/usr/local/texlive/2019/texmf-dist/tex/latex/beamer/beamerbasetemplates.sty
\beamer@sbttoks=\toks30

(/usr/local/texlive/2019/texmf-dist/tex/latex/beamer/beamerbaseauxtemplates.sty
(/usr/local/texlive/2019/texmf-dist/tex/latex/beamer/beamerbaseboxes.sty
\bmb@box=\box47
\bmb@colorbox=\box48
\bmb@boxshadow=\box49
\bmb@boxshadowball=\box50
\bmb@boxshadowballlarge=\box51
\bmb@temp=\dimen170
\bmb@dima=\dimen171
\bmb@dimb=\dimen172
\bmb@prevheight=\dimen173
)
\beamer@blockheadheight=\dimen174
))
(/usr/local/texlive/2019/texmf-dist/tex/latex/beamer/beamerbaselocalstructure.s
ty (/usr/local/texlive/2019/texmf-dist/tex/latex/tools/enumerate.sty
Package: enumerate 2015/07/23 v3.00 enumerate extensions (DPC)
\@enLab=\toks31
)
\c@figure=\count142
\c@table=\count143
\abovecaptionskip=\skip49
\belowcaptionskip=\skip50
)
(/usr/local/texlive/2019/texmf-dist/tex/latex/beamer/beamerbasenavigation.sty
\beamer@section@min@dim=\dimen175
)
(/usr/local/texlive/2019/texmf-dist/tex/latex/beamer/beamerbasetheorems.sty
(/usr/local/texlive/2019/texmf-dist/tex/latex/amsmath/amsmath.sty
Package: amsmath 2018/12/01 v2.17b AMS math features
\@mathmargin=\skip51

For additional information on amsmath, use the `?' option.
(/usr/local/texlive/2019/texmf-dist/tex/latex/amsmath/amstext.sty
Package: amstext 2000/06/29 v2.01 AMS text

(/usr/local/texlive/2019/texmf-dist/tex/latex/amsmath/amsgen.sty
File: amsgen.sty 1999/11/30 v2.0 generic functions
\@emptytoks=\toks32
\ex@=\dimen176
))
(/usr/local/texlive/2019/texmf-dist/tex/latex/amsmath/amsbsy.sty
Package: amsbsy 1999/11/29 v1.2d Bold Symbols
\pmbraise@=\dimen177
)
(/usr/local/texlive/2019/texmf-dist/tex/latex/amsmath/amsopn.sty
Package: amsopn 2016/03/08 v2.02 operator names
)
\inf@bad=\count144
LaTeX Info: Redefining \frac on input line 223.
\uproot@=\count145
\leftroot@=\count146
LaTeX Info: Redefining \overline on input line 385.
\classnum@=\count147
\DOTSCASE@=\count148
LaTeX Info: Redefining \ldots on input line 482.
LaTeX Info: Redefining \dots on input line 485.
LaTeX Info: Redefining \cdots on input line 606.
\Mathstrutbox@=\box52
\strutbox@=\box53
\big@size=\dimen178
LaTeX Font Info:    Redeclaring font encoding OML on input line 729.
LaTeX Font Info:    Redeclaring font encoding OMS on input line 730.
\macc@depth=\count149
\c@MaxMatrixCols=\count150
\dotsspace@=\muskip11
\c@parentequation=\count151
\dspbrk@lvl=\count152
\tag@help=\toks33
\row@=\count153
\column@=\count154
\maxfields@=\count155
\andhelp@=\toks34
\eqnshift@=\dimen179
\alignsep@=\dimen180
\tagshift@=\dimen181
\tagwidth@=\dimen182
\totwidth@=\dimen183
\lineht@=\dimen184
\@envbody=\toks35
\multlinegap=\skip52
\multlinetaggap=\skip53
\mathdisplay@stack=\toks36
LaTeX Info: Redefining \[ on input line 2844.
LaTeX Info: Redefining \] on input line 2845.
)
(/usr/local/texlive/2019/texmf-dist/tex/latex/amscls/amsthm.sty
Package: amsthm 2017/10/31 v2.20.4
\thm@style=\toks37
\thm@bodyfont=\toks38
\thm@headfont=\toks39
\thm@notefont=\toks40
\thm@headpunct=\toks41
\thm@preskip=\skip54
\thm@postskip=\skip55
\thm@headsep=\skip56
\dth@everypar=\toks42
)
\c@theorem=\count156
)
(/usr/local/texlive/2019/texmf-dist/tex/latex/beamer/beamerbasethemes.sty))
(/usr/local/texlive/2019/texmf-dist/tex/latex/beamer/beamerthemedefault.sty
(/usr/local/texlive/2019/texmf-dist/tex/latex/beamer/beamerfontthemedefault.sty
)
(/usr/local/texlive/2019/texmf-dist/tex/latex/beamer/beamercolorthemedefault.st
y)
(/usr/local/texlive/2019/texmf-dist/tex/latex/beamer/beamerinnerthemedefault.st
y
\beamer@dima=\dimen185
\beamer@dimb=\dimen186
)
(/usr/local/texlive/2019/texmf-dist/tex/latex/beamer/beamerouterthemedefault.st
y))) (/usr/local/texlive/2019/texmf-dist/tex/generic/babel/babel.sty
Package: babel 2019/05/04 3.31 The Babel package

(/usr/local/texlive/2019/texmf-dist/tex/generic/babel/switch.def
File: switch.def 2019/05/04 3.31 Babel switching mechanism
)
(/usr/local/texlive/2019/texmf-dist/tex/generic/babel-portuges/portuges.ldf
Language: portuges 2008/03/18 v1.2q Portuguese support from the babel system

(/usr/local/texlive/2019/texmf-dist/tex/generic/babel/babel.def
File: babel.def 2019/05/04 3.31 Babel common definitions
\babel@savecnt=\count157
\U@D=\dimen187

(/usr/local/texlive/2019/texmf-dist/tex/generic/babel/txtbabel.def)
LaTeX Info: Redefining \textlatin on input line 2089.
\bbl@dirlevel=\count158
)
\l@brazilian = a dialect from \language\l@portuges 
Package babel Info: Making " an active character on input line 145.
)
(/usr/local/texlive/2019/texmf-dist/tex/generic/babel-english/english.ldf
Language: english 2017/06/06 v3.3r English support from the babel system
\l@canadian = a dialect from \language\l@american 
\l@australian = a dialect from \language\l@british 
\l@newzealand = a dialect from \language\l@british 
))
(/usr/local/texlive/2019/texmf-dist/tex/latex/base/inputenc.sty
Package: inputenc 2018/08/11 v1.3c Input encoding file
\inpenc@prehook=\toks43
\inpenc@posthook=\toks44
)
(/usr/local/texlive/2019/texmf-dist/tex/latex/base/fontenc.sty
Package: fontenc 2018/08/11 v2.0j Standard LaTeX package

(/usr/local/texlive/2019/texmf-dist/tex/latex/base/t1enc.def
File: t1enc.def 2018/08/11 v2.0j Standard LaTeX file
LaTeX Font Info:    Redeclaring font encoding T1 on input line 48.
))
(/usr/local/texlive/2019/texmf-dist/tex/latex/psnfss/helvet.sty
Package: helvet 2005/04/12 PSNFSS-v9.2a (WaS) 
)
(/usr/local/texlive/2019/texmf-dist/tex/latex/pdfpages/pdfpages.sty
Package: pdfpages 2017/10/31 v0.5l Insert pages of external PDF documents (AM)

(/usr/local/texlive/2019/texmf-dist/tex/latex/base/ifthen.sty
Package: ifthen 2014/09/29 v1.1c Standard LaTeX ifthen package (DPC)
)
(/usr/local/texlive/2019/texmf-dist/tex/latex/tools/calc.sty
Package: calc 2017/05/25 v4.3 Infix arithmetic (KKT,FJ)
\calc@Acount=\count159
\calc@Bcount=\count160
\calc@Adimen=\dimen188
\calc@Bdimen=\dimen189
\calc@Askip=\skip57
\calc@Bskip=\skip58
LaTeX Info: Redefining \setlength on input line 80.
LaTeX Info: Redefining \addtolength on input line 81.
\calc@Ccount=\count161
\calc@Cskip=\skip59
)
(/usr/local/texlive/2019/texmf-dist/tex/latex/eso-pic/eso-pic.sty
Package: eso-pic 2018/04/12 v2.0h eso-pic (RN)
)
\AM@pagewidth=\dimen190
\AM@pageheight=\dimen191

(/usr/local/texlive/2019/texmf-dist/tex/latex/pdfpages/pppdftex.def
File: pppdftex.def 2017/10/31 v0.5l Pdfpages driver for pdfTeX (AM)
)
\AM@pagebox=\box54
\AM@global@opts=\toks45
\AM@toc@title=\toks46
\c@AM@survey=\count162
\AM@templatesizebox=\box55
)
(/usr/local/texlive/2019/texmf-dist/tex/latex/caption/caption.sty
Package: caption 2018/10/06 v3.3-154 Customizing captions (AR)

(/usr/local/texlive/2019/texmf-dist/tex/latex/caption/caption3.sty
Package: caption3 2018/09/12 v1.8c caption3 kernel (AR)
Package caption3 Info: TeX engine: e-TeX on input line 64.
\captionmargin=\dimen192
\captionmargin@=\dimen193
\captionwidth=\dimen194
\caption@tempdima=\dimen195
\caption@indent=\dimen196
\caption@parindent=\dimen197
\caption@hangindent=\dimen198
)
\c@caption@flags=\count163
\c@ContinuedFloat=\count164
Package caption Info: beamer document class.
Package caption Info: hyperref package is loaded.
Package caption Info: Hyperref support is turned off
(caption)             because hyperref has stopped early.
)
(/usr/local/texlive/2019/texmf-dist/tex/latex/pgf/frontendlayer/tikz.sty
(/usr/local/texlive/2019/texmf-dist/tex/latex/pgf/basiclayer/pgf.sty
Package: pgf 2019/04/04 v3.1.2 (3.1.2)

(/usr/local/texlive/2019/texmf-dist/tex/generic/pgf/modules/pgfmoduleshapes.cod
e.tex
File: pgfmoduleshapes.code.tex 2019/04/04 v3.1.2 (3.1.2)
\pgfnodeparttextbox=\box56
)
(/usr/local/texlive/2019/texmf-dist/tex/generic/pgf/modules/pgfmoduleplot.code.
tex
File: pgfmoduleplot.code.tex 2019/04/04 v3.1.2 (3.1.2)
)
(/usr/local/texlive/2019/texmf-dist/tex/latex/pgf/compatibility/pgfcomp-version
-0-65.sty
Package: pgfcomp-version-0-65 2019/04/04 v3.1.2 (3.1.2)
\pgf@nodesepstart=\dimen199
\pgf@nodesepend=\dimen256
)
(/usr/local/texlive/2019/texmf-dist/tex/latex/pgf/compatibility/pgfcomp-version
-1-18.sty
Package: pgfcomp-version-1-18 2019/04/04 v3.1.2 (3.1.2)
))
(/usr/local/texlive/2019/texmf-dist/tex/latex/pgf/utilities/pgffor.sty
(/usr/local/texlive/2019/texmf-dist/tex/latex/pgf/utilities/pgfkeys.sty
(/usr/local/texlive/2019/texmf-dist/tex/generic/pgf/utilities/pgfkeys.code.tex)
) (/usr/local/texlive/2019/texmf-dist/tex/latex/pgf/math/pgfmath.sty
(/usr/local/texlive/2019/texmf-dist/tex/generic/pgf/math/pgfmath.code.tex))
(/usr/local/texlive/2019/texmf-dist/tex/generic/pgf/utilities/pgffor.code.tex
Package: pgffor 2019/04/04 v3.1.2 (3.1.2)

(/usr/local/texlive/2019/texmf-dist/tex/generic/pgf/math/pgfmath.code.tex)
\pgffor@iter=\dimen257
\pgffor@skip=\dimen258
\pgffor@stack=\toks47
\pgffor@toks=\toks48
))
(/usr/local/texlive/2019/texmf-dist/tex/generic/pgf/frontendlayer/tikz/tikz.cod
e.tex
Package: tikz 2019/04/04 v3.1.2 (3.1.2)

(/usr/local/texlive/2019/texmf-dist/tex/generic/pgf/libraries/pgflibraryplothan
dlers.code.tex
File: pgflibraryplothandlers.code.tex 2019/04/04 v3.1.2 (3.1.2)
\pgf@plot@mark@count=\count165
\pgfplotmarksize=\dimen259
)
\tikz@lastx=\dimen260
\tikz@lasty=\dimen261
\tikz@lastxsaved=\dimen262
\tikz@lastysaved=\dimen263
\tikzleveldistance=\dimen264
\tikzsiblingdistance=\dimen265
\tikz@figbox=\box57
\tikz@figbox@bg=\box58
\tikz@tempbox=\box59
\tikz@tempbox@bg=\box60
\tikztreelevel=\count166
\tikznumberofchildren=\count167
\tikznumberofcurrentchild=\count168
\tikz@fig@count=\count169

(/usr/local/texlive/2019/texmf-dist/tex/generic/pgf/modules/pgfmodulematrix.cod
e.tex
File: pgfmodulematrix.code.tex 2019/04/04 v3.1.2 (3.1.2)
\pgfmatrixcurrentrow=\count170
\pgfmatrixcurrentcolumn=\count171
\pgf@matrix@numberofcolumns=\count172
)
\tikz@expandcount=\count173

(/usr/local/texlive/2019/texmf-dist/tex/generic/pgf/frontendlayer/tikz/librarie
s/tikzlibrarytopaths.code.tex
File: tikzlibrarytopaths.code.tex 2019/04/04 v3.1.2 (3.1.2)
)))
(/usr/local/texlive/2019/texmf-dist/tex/latex/listings/listings.sty
\lst@mode=\count174
\lst@gtempboxa=\box61
\lst@token=\toks49
\lst@length=\count175
\lst@currlwidth=\dimen266
\lst@column=\count176
\lst@pos=\count177
\lst@lostspace=\dimen267
\lst@width=\dimen268
\lst@newlines=\count178
\lst@lineno=\count179
\lst@maxwidth=\dimen269

(/usr/local/texlive/2019/texmf-dist/tex/latex/listings/lstmisc.sty
File: lstmisc.sty 2019/02/27 1.8b (Carsten Heinz)
\c@lstnumber=\count180
\lst@skipnumbers=\count181
\lst@framebox=\box62
)
(/usr/local/texlive/2019/texmf-dist/tex/latex/listings/listings.cfg
File: listings.cfg 2019/02/27 1.8b listings configuration
))
Package: listings 2019/02/27 1.8b (Carsten Heinz)

(/usr/local/texlive/2019/texmf-dist/tex/latex/tcolorbox/tcolorbox.sty
Package: tcolorbox 2019/03/02 version 4.20 text color boxes

(/usr/local/texlive/2019/texmf-dist/tex/latex/tools/verbatim.sty
Package: verbatim 2014/10/28 v1.5q LaTeX2e package for verbatim enhancements
\every@verbatim=\toks50
\verbatim@line=\toks51
\verbatim@in@stream=\read2
)
(/usr/local/texlive/2019/texmf-dist/tex/latex/environ/environ.sty
Package: environ 2014/05/04 v0.3 A new way to define environments

(/usr/local/texlive/2019/texmf-dist/tex/latex/trimspaces/trimspaces.sty
Package: trimspaces 2009/09/17 v1.1 Trim spaces around a token list
))
\tcb@titlebox=\box63
\tcb@upperbox=\box64
\tcb@lowerbox=\box65
\tcb@phantombox=\box66
\c@tcbbreakpart=\count182
\c@tcblayer=\count183
\tcolorbox@number=\count184
\tcb@temp=\box67
\tcb@temp=\box68
\tcb@temp=\box69
\tcb@temp=\box70
\tcb@out=\write5
\tcb@record@out=\write6
)
(/usr/local/texlive/2019/texmf-dist/tex/latex/tools/tabularx.sty
Package: tabularx 2016/02/03 v2.11b `tabularx' package (DPC)

(/usr/local/texlive/2019/texmf-dist/tex/latex/tools/array.sty
Package: array 2018/12/30 v2.4k Tabular extension package (FMi)
\col@sep=\dimen270
\ar@mcellbox=\box71
\extrarowheight=\dimen271
\NC@list=\toks52
\extratabsurround=\skip60
\backup@length=\skip61
\ar@cellbox=\box72
)
\TX@col@width=\dimen272
\TX@old@table=\dimen273
\TX@old@col=\dimen274
\TX@target=\dimen275
\TX@delta=\dimen276
\TX@cols=\count185
\TX@ftn=\toks53
)
(/usr/local/texlive/2019/texmf-dist/tex/latex/colortbl/colortbl.sty
Package: colortbl 2018/12/12 v1.0d Color table columns (DPC)
\everycr=\toks54
\minrowclearance=\skip62
)
(/usr/local/texlive/2019/texmf-dist/tex/latex/tcolorbox/tcbskins.code.tex
Library (tcolorbox): 'tcbskins.code.tex' version '4.20'
\tcb@waterbox=\box73

(/usr/local/texlive/2019/texmf-dist/tex/latex/tcolorbox/tcbskinsjigsaw.code.tex
Library (tcolorbox): 'tcbskinsjigsaw.code.tex' version '4.20'
)) (/usr/local/texlive/2019/texmf-dist/tex/latex/ms/ragged2e.sty
Package: ragged2e 2009/05/21 v2.1 ragged2e Package (MS)

(/usr/local/texlive/2019/texmf-dist/tex/latex/ms/everysel.sty
Package: everysel 2011/10/28 v1.2 EverySelectfont Package (MS)
)
\CenteringLeftskip=\skip63
\RaggedLeftLeftskip=\skip64
\RaggedRightLeftskip=\skip65
\CenteringRightskip=\skip66
\RaggedLeftRightskip=\skip67
\RaggedRightRightskip=\skip68
\CenteringParfillskip=\skip69
\RaggedLeftParfillskip=\skip70
\RaggedRightParfillskip=\skip71
\JustifyingParfillskip=\skip72
\CenteringParindent=\skip73
\RaggedLeftParindent=\skip74
\RaggedRightParindent=\skip75
\JustifyingParindent=\skip76
)
(/usr/local/texlive/2019/texmf-dist/tex/latex/psnfss/courier.sty
Package: courier 2005/04/12 PSNFSS-v9.2a (WaS) 
)
(/usr/local/texlive/2019/texmf-dist/tex/latex/beamer/beamercolorthemestructure.
sty)
(/usr/local/texlive/2019/texmf-dist/tex/latex/beamer/beamerinnerthemerectangles
.sty)
(/usr/local/texlive/2019/texmf-dist/tex/latex/beamer/beamerouterthememiniframes
.sty)) (./main.aux)
\openout1 = `main.aux'.

LaTeX Font Info:    Checking defaults for OML/cmm/m/it on input line 15.
LaTeX Font Info:    ... okay on input line 15.
LaTeX Font Info:    Checking defaults for T1/cmr/m/n on input line 15.
LaTeX Font Info:    ... okay on input line 15.
LaTeX Font Info:    Checking defaults for OT1/cmr/m/n on input line 15.
LaTeX Font Info:    ... okay on input line 15.
LaTeX Font Info:    Checking defaults for OMS/cmsy/m/n on input line 15.
LaTeX Font Info:    ... okay on input line 15.
LaTeX Font Info:    Checking defaults for OMX/cmex/m/n on input line 15.
LaTeX Font Info:    ... okay on input line 15.
LaTeX Font Info:    Checking defaults for U/cmr/m/n on input line 15.
LaTeX Font Info:    ... okay on input line 15.
LaTeX Font Info:    Checking defaults for PD1/pdf/m/n on input line 15.
LaTeX Font Info:    ... okay on input line 15.
LaTeX Font Info:    Try loading font information for T1+phv on input line 15.

(/usr/local/texlive/2019/texmf-dist/tex/latex/psnfss/t1phv.fd
File: t1phv.fd 2001/06/04 scalable font definitions for T1/phv.
)
*geometry* driver: auto-detecting
*geometry* detected driver: pdftex
*geometry* verbose mode - [ preamble ] result:
* driver: pdftex
* paper: custom
* layout: <same size as paper>
* layoutoffset:(h,v)=(0.0pt,0.0pt)
* modes: includehead includefoot 
* h-part:(L,W,R)=(28.45274pt, 307.28987pt, 28.45274pt)
* v-part:(T,H,B)=(0.0pt, 273.14662pt, 0.0pt)
* \paperwidth=364.19536pt
* \paperheight=273.14662pt
* \textwidth=307.28987pt
* \textheight=244.6939pt
* \oddsidemargin=-43.81725pt
* \evensidemargin=-43.81725pt
* \topmargin=-72.26999pt
* \headheight=14.22636pt
* \headsep=0.0pt
* \topskip=10.0pt
* \footskip=14.22636pt
* \marginparwidth=3.0pt
* \marginparsep=11.0pt
* \columnsep=10.0pt
* \skip\footins=9.0pt plus 4.0pt minus 2.0pt
* \hoffset=0.0pt
* \voffset=0.0pt
* \mag=1000
* \@twocolumnfalse
* \@twosidefalse
* \@mparswitchfalse
* \@reversemarginfalse
* (1in=72.27pt=25.4mm, 1cm=28.453pt)

(/usr/local/texlive/2019/texmf-dist/tex/context/base/mkii/supp-pdf.mkii
[Loading MPS to PDF converter (version 2006.09.02).]
\scratchcounter=\count186
\scratchdimen=\dimen277
\scratchbox=\box74
\nofMPsegments=\count187
\nofMParguments=\count188
\everyMPshowfont=\toks55
\MPscratchCnt=\count189
\MPscratchDim=\dimen278
\MPnumerator=\count190
\makeMPintoPDFobject=\count191
\everyMPtoPDFconversion=\toks56
) (/usr/local/texlive/2019/texmf-dist/tex/latex/oberdiek/epstopdf-base.sty
Package: epstopdf-base 2016/05/15 v2.6 Base part for package epstopdf

(/usr/local/texlive/2019/texmf-dist/tex/latex/oberdiek/grfext.sty
Package: grfext 2016/05/16 v1.2 Manage graphics extensions (HO)
)
Package epstopdf-base Info: Redefining graphics rule for `.eps' on input line 4
38.
Package grfext Info: Graphics extension search list:
(grfext)             [.pdf,.png,.jpg,.mps,.jpeg,.jbig2,.jb2,.PDF,.PNG,.JPG,.JPE
G,.JBIG2,.JB2,.eps]
(grfext)             \AppendGraphicsExtensions on input line 456.

(/usr/local/texlive/2019/texmf-dist/tex/latex/latexconfig/epstopdf-sys.cfg
File: epstopdf-sys.cfg 2010/07/13 v1.3 Configuration of (r)epstopdf for TeX Liv
e
))
ABD: EveryShipout initializing macros
\AtBeginShipoutBox=\box75
Package hyperref Info: Link coloring OFF on input line 15.

(/usr/local/texlive/2019/texmf-dist/tex/latex/hyperref/nameref.sty
Package: nameref 2016/05/21 v2.44 Cross-referencing by name of section

(/usr/local/texlive/2019/texmf-dist/tex/generic/oberdiek/gettitlestring.sty
Package: gettitlestring 2016/05/16 v1.5 Cleanup title references (HO)
)
\c@section@level=\count192
)
LaTeX Info: Redefining \ref on input line 15.
LaTeX Info: Redefining \pageref on input line 15.
LaTeX Info: Redefining \nameref on input line 15.

(./main.out) (./main.out)
\@outlinefile=\write7
\openout7 = `main.out'.

LaTeX Font Info:    Overwriting symbol font `operators' in version `normal'
(Font)                  OT1/cmr/m/n --> OT1/cmss/m/n on input line 15.
LaTeX Font Info:    Overwriting symbol font `operators' in version `bold'
(Font)                  OT1/cmr/bx/n --> OT1/cmss/bx/n on input line 15.
\symnumbers=\mathgroup6
\sympureletters=\mathgroup7
LaTeX Font Info:    Overwriting math alphabet `\mathrm' in version `normal'
(Font)                  OT1/cmss/m/n --> T1/cmr/m/n on input line 15.
LaTeX Font Info:    Redeclaring math alphabet \mathbf on input line 15.
LaTeX Font Info:    Overwriting math alphabet `\mathbf' in version `normal'
(Font)                  OT1/cmr/bx/n --> T1/phv/bx/n on input line 15.
LaTeX Font Info:    Overwriting math alphabet `\mathbf' in version `bold'
(Font)                  OT1/cmr/bx/n --> T1/phv/bx/n on input line 15.
LaTeX Font Info:    Redeclaring math alphabet \mathsf on input line 15.
LaTeX Font Info:    Overwriting math alphabet `\mathsf' in version `normal'
(Font)                  OT1/cmss/m/n --> T1/phv/m/n on input line 15.
LaTeX Font Info:    Overwriting math alphabet `\mathsf' in version `bold'
(Font)                  OT1/cmss/bx/n --> T1/phv/m/n on input line 15.
LaTeX Font Info:    Redeclaring math alphabet \mathit on input line 15.
LaTeX Font Info:    Overwriting math alphabet `\mathit' in version `normal'
(Font)                  OT1/cmr/m/it --> T1/phv/m/it on input line 15.
LaTeX Font Info:    Overwriting math alphabet `\mathit' in version `bold'
(Font)                  OT1/cmr/bx/it --> T1/phv/m/it on input line 15.
LaTeX Font Info:    Redeclaring math alphabet \mathtt on input line 15.
LaTeX Font Info:    Overwriting math alphabet `\mathtt' in version `normal'
(Font)                  OT1/cmtt/m/n --> T1/pcr/m/n on input line 15.
LaTeX Font Info:    Overwriting math alphabet `\mathtt' in version `bold'
(Font)                  OT1/cmtt/m/n --> T1/pcr/m/n on input line 15.
LaTeX Font Info:    Overwriting symbol font `numbers' in version `bold'
(Font)                  T1/phv/m/n --> T1/phv/bx/n on input line 15.
LaTeX Font Info:    Overwriting symbol font `pureletters' in version `bold'
(Font)                  T1/phv/m/it --> T1/phv/bx/it on input line 15.
LaTeX Font Info:    Overwriting math alphabet `\mathrm' in version `bold'
(Font)                  OT1/cmss/bx/n --> T1/cmr/bx/n on input line 15.
LaTeX Font Info:    Overwriting math alphabet `\mathbf' in version `bold'
(Font)                  T1/phv/bx/n --> T1/phv/bx/n on input line 15.
LaTeX Font Info:    Overwriting math alphabet `\mathsf' in version `bold'
(Font)                  T1/phv/m/n --> T1/phv/bx/n on input line 15.
LaTeX Font Info:    Overwriting math alphabet `\mathit' in version `bold'
(Font)                  T1/phv/m/it --> T1/phv/bx/it on input line 15.
LaTeX Font Info:    Overwriting math alphabet `\mathtt' in version `bold'
(Font)                  T1/pcr/m/n --> T1/pcr/bx/n on input line 15.

(/usr/local/texlive/2019/texmf-dist/tex/latex/translator/translator-basic-dicti
onary-English.dict
Dictionary: translator-basic-dictionary, Language: English 
)
(/usr/local/texlive/2019/texmf-dist/tex/latex/translator/translator-bibliograph
y-dictionary-English.dict
Dictionary: translator-bibliography-dictionary, Language: English 
)
(/usr/local/texlive/2019/texmf-dist/tex/latex/translator/translator-environment
-dictionary-English.dict
Dictionary: translator-environment-dictionary, Language: English 
)
(/usr/local/texlive/2019/texmf-dist/tex/latex/translator/translator-months-dict
ionary-English.dict
Dictionary: translator-months-dictionary, Language: English 
)
(/usr/local/texlive/2019/texmf-dist/tex/latex/translator/translator-numbers-dic
tionary-English.dict
Dictionary: translator-numbers-dictionary, Language: English 
)
(/usr/local/texlive/2019/texmf-dist/tex/latex/translator/translator-theorem-dic
tionary-English.dict
Dictionary: translator-theorem-dictionary, Language: English 
)
(/usr/local/texlive/2019/texmf-dist/tex/latex/oberdiek/pdflscape.sty
Package: pdflscape 2016/05/14 v0.11 Display of landscape pages in PDF (HO)

(/usr/local/texlive/2019/texmf-dist/tex/latex/graphics/lscape.sty
Package: lscape 2000/10/22 v3.01 Landscape Pages (DPC)
)
Package pdflscape Info: Auto-detected driver: pdftex on input line 81.
)
Package caption Info: Begin \AtBeginDocument code.
Package caption Info: listings package is loaded.
Package caption Info: End \AtBeginDocument code.
\c@lstlisting=\count193

ABD: EverySelectfont initializing macros
LaTeX Info: Redefining \selectfont on input line 15.
 (./main.nav)
Overfull \hbox (26.29057pt too wide) in paragraph at lines 15--15
 [][]    
 []


Overfull \hbox (1.38991pt too wide) in paragraph at lines 15--15
[][] 
 []

<Images/tcnj-logotype-400-200.jpg, id=14, 401.5pt x 200.75pt>
File: Images/tcnj-logotype-400-200.jpg Graphic file (type jpg)
<use Images/tcnj-logotype-400-200.jpg>
Package pdftex.def Info: Images/tcnj-logotype-400-200.jpg  used on input line 1
9.
(pdftex.def)             Requested size: 40.15234pt x 20.07617pt.

Overfull \hbox (26.29057pt too wide) has occurred while \output is active
 [][]    
 []


Overfull \hbox (1.38991pt too wide) has occurred while \output is active
[][] 
 []

[1

{/usr/local/texlive/2019/texmf-var/fonts/map/pdftex/updmap/pdftex.map} <./Image
s/tcnj-logotype-400-200.jpg>]
LaTeX Font Info:    Font shape `T1/phv/bx/n' in size <10> not available
(Font)              Font shape `T1/phv/b/n' tried instead on input line 42.
LaTeX Font Info:    Try loading font information for U+msa on input line 42.

(/usr/local/texlive/2019/texmf-dist/tex/latex/amsfonts/umsa.fd
File: umsa.fd 2013/01/14 v3.01 AMS symbols A
)
LaTeX Font Info:    Try loading font information for U+msb on input line 42.

(/usr/local/texlive/2019/texmf-dist/tex/latex/amsfonts/umsb.fd
File: umsb.fd 2013/01/14 v3.01 AMS symbols B
)
LaTeX Font Info:    Font shape `T1/phv/m/it' in size <10> not available
(Font)              Font shape `T1/phv/m/sl' tried instead on input line 42.
LaTeX Font Info:    Font shape `T1/phv/m/it' in size <7> not available
(Font)              Font shape `T1/phv/m/sl' tried instead on input line 42.
LaTeX Font Info:    Font shape `T1/phv/m/it' in size <5> not available
(Font)              Font shape `T1/phv/m/sl' tried instead on input line 42.
File: Images/tcnj-logotype-400-200.jpg Graphic file (type jpg)
<use Images/tcnj-logotype-400-200.jpg>
Package pdftex.def Info: Images/tcnj-logotype-400-200.jpg  used on input line 4
2.
(pdftex.def)             Requested size: 40.15234pt x 20.07617pt.

Overfull \hbox (26.29057pt too wide) has occurred while \output is active
 [][]    
 []


Overfull \hbox (1.38991pt too wide) has occurred while \output is active
[][] 
 []

[2

]
File: Images/tcnj-logotype-400-200.jpg Graphic file (type jpg)
<use Images/tcnj-logotype-400-200.jpg>
Package pdftex.def Info: Images/tcnj-logotype-400-200.jpg  used on input line 4
2.
(pdftex.def)             Requested size: 40.15234pt x 20.07617pt.

Overfull \hbox (26.29057pt too wide) has occurred while \output is active
 [][]    
 []


Overfull \hbox (1.38991pt too wide) has occurred while \output is active
[][] 
 []

[3

]
File: Images/tcnj-logotype-400-200.jpg Graphic file (type jpg)
<use Images/tcnj-logotype-400-200.jpg>
Package pdftex.def Info: Images/tcnj-logotype-400-200.jpg  used on input line 4
2.
(pdftex.def)             Requested size: 40.15234pt x 20.07617pt.

Overfull \hbox (26.29057pt too wide) has occurred while \output is active
 [][]    
 []


Overfull \hbox (1.38991pt too wide) has occurred while \output is active
[][] 
 []

[4

]
File: Images/tcnj-logotype-400-200.jpg Graphic file (type jpg)
<use Images/tcnj-logotype-400-200.jpg>
Package pdftex.def Info: Images/tcnj-logotype-400-200.jpg  used on input line 4
2.
(pdftex.def)             Requested size: 40.15234pt x 20.07617pt.

Overfull \hbox (26.29057pt too wide) has occurred while \output is active
 [][]    
 []


Overfull \hbox (1.38991pt too wide) has occurred while \output is active
[][] 
 []

[5

]
File: Images/tcnj-logotype-400-200.jpg Graphic file (type jpg)
<use Images/tcnj-logotype-400-200.jpg>
Package pdftex.def Info: Images/tcnj-logotype-400-200.jpg  used on input line 7
2.
(pdftex.def)             Requested size: 40.15234pt x 20.07617pt.

Overfull \hbox (26.29057pt too wide) has occurred while \output is active
 [][]    
 []


Overfull \hbox (1.38991pt too wide) has occurred while \output is active
[][] 
 []

[6

]
File: Images/tcnj-logotype-400-200.jpg Graphic file (type jpg)
<use Images/tcnj-logotype-400-200.jpg>
Package pdftex.def Info: Images/tcnj-logotype-400-200.jpg  used on input line 7
2.
(pdftex.def)             Requested size: 40.15234pt x 20.07617pt.

Overfull \hbox (26.29057pt too wide) has occurred while \output is active
 [][]    
 []


Overfull \hbox (1.38991pt too wide) has occurred while \output is active
[][] 
 []

[7

]
File: Images/tcnj-logotype-400-200.jpg Graphic file (type jpg)
<use Images/tcnj-logotype-400-200.jpg>
Package pdftex.def Info: Images/tcnj-logotype-400-200.jpg  used on input line 7
2.
(pdftex.def)             Requested size: 40.15234pt x 20.07617pt.

Overfull \hbox (26.29057pt too wide) has occurred while \output is active
 [][]    
 []


Overfull \hbox (1.38991pt too wide) has occurred while \output is active
[][] 
 []

[8

]
File: Images/tcnj-logotype-400-200.jpg Graphic file (type jpg)
<use Images/tcnj-logotype-400-200.jpg>
Package pdftex.def Info: Images/tcnj-logotype-400-200.jpg  used on input line 7
2.
(pdftex.def)             Requested size: 40.15234pt x 20.07617pt.

Overfull \hbox (26.29057pt too wide) has occurred while \output is active
 [][]    
 []


Overfull \hbox (1.38991pt too wide) has occurred while \output is active
[][] 
 []

[9

]
File: Images/tcnj-logotype-400-200.jpg Graphic file (type jpg)
<use Images/tcnj-logotype-400-200.jpg>
Package pdftex.def Info: Images/tcnj-logotype-400-200.jpg  used on input line 1
82.
(pdftex.def)             Requested size: 40.15234pt x 20.07617pt.

Overfull \hbox (26.29057pt too wide) has occurred while \output is active
 [][]    
 []


Overfull \hbox (1.38991pt too wide) has occurred while \output is active
[][] 
 []

[10

 </usr/local/texlive/2019/texmf-dist/tex/latex/beamer/beamericonarticle.pdf>]
File: Images/tcnj-logotype-400-200.jpg Graphic file (type jpg)
<use Images/tcnj-logotype-400-200.jpg>
Package pdftex.def Info: Images/tcnj-logotype-400-200.jpg  used on input line 1
82.
(pdftex.def)             Requested size: 40.15234pt x 20.07617pt.

Overfull \hbox (26.29057pt too wide) has occurred while \output is active
 [][]    
 []


Overfull \hbox (1.38991pt too wide) has occurred while \output is active
[][] 
 []

[11


]
File: Images/tcnj-logotype-400-200.jpg Graphic file (type jpg)
<use Images/tcnj-logotype-400-200.jpg>
Package pdftex.def Info: Images/tcnj-logotype-400-200.jpg  used on input line 1
82.
(pdftex.def)             Requested size: 40.15234pt x 20.07617pt.

Overfull \hbox (26.29057pt too wide) has occurred while \output is active
 [][]    
 []


Overfull \hbox (1.38991pt too wide) has occurred while \output is active
[][] 
 []

[12


]
File: Images/tcnj-logotype-400-200.jpg Graphic file (type jpg)
<use Images/tcnj-logotype-400-200.jpg>
Package pdftex.def Info: Images/tcnj-logotype-400-200.jpg  used on input line 1
82.
(pdftex.def)             Requested size: 40.15234pt x 20.07617pt.

Overfull \hbox (26.29057pt too wide) has occurred while \output is active
 [][]    
 []


Overfull \hbox (1.38991pt too wide) has occurred while \output is active
[][] 
 []

[13


]
File: Images/tcnj-logotype-400-200.jpg Graphic file (type jpg)
<use Images/tcnj-logotype-400-200.jpg>
Package pdftex.def Info: Images/tcnj-logotype-400-200.jpg  used on input line 1
82.
(pdftex.def)             Requested size: 40.15234pt x 20.07617pt.

Overfull \hbox (26.29057pt too wide) has occurred while \output is active
 [][]    
 []


Overfull \hbox (1.38991pt too wide) has occurred while \output is active
[][] 
 []

[14


]
\tf@nav=\write8
\openout8 = `main.nav'.

\tf@toc=\write9
\openout9 = `main.toc'.

\tf@snm=\write10
\openout10 = `main.snm'.

Package atveryend Info: Empty hook `BeforeClearDocument' on input line 188.
Package atveryend Info: Empty hook `AfterLastShipout' on input line 188.
 (./main.aux)
Package atveryend Info: Executing hook `AtVeryEndDocument' on input line 188.
Package atveryend Info: Executing hook `AtEndAfterFileList' on input line 188.
Package rerunfilecheck Info: File `main.out' has not changed.
(rerunfilecheck)             Checksum: D41D8CD98F00B204E9800998ECF8427E;0.
 ) 
Here is how much of TeX's memory you used:
 27276 strings out of 492616
 543202 string characters out of 6129482
 682927 words of memory out of 5000000
 30587 multiletter control sequences out of 15000+600000
 32079 words of font info for 43 fonts, out of 8000000 for 9000
 1141 hyphenation exceptions out of 8191
 62i,16n,85p,772b,467s stack positions out of 5000i,500n,10000p,200000b,80000s
{/usr/local/texlive/2019/texmf-dist/fonts/enc/dvips/base/8r.enc}</usr/local/t
exlive/2019/texmf-dist/fonts/type1/public/amsfonts/cm/cmex10.pfb></usr/local/te
xlive/2019/texmf-dist/fonts/type1/public/amsfonts/cm/cmmi10.pfb></usr/local/tex
live/2019/texmf-dist/fonts/type1/public/amsfonts/cm/cmmi7.pfb></usr/local/texli
ve/2019/texmf-dist/fonts/type1/public/amsfonts/cm/cmss10.pfb></usr/local/texliv
e/2019/texmf-dist/fonts/type1/public/amsfonts/cm/cmss8.pfb></usr/local/texlive/
2019/texmf-dist/fonts/type1/public/amsfonts/cm/cmsy10.pfb></usr/local/texlive/2
019/texmf-dist/fonts/type1/public/amsfonts/cm/cmsy5.pfb></usr/local/texlive/201
9/texmf-dist/fonts/type1/public/amsfonts/cm/cmsy7.pfb></usr/local/texlive/2019/
texmf-dist/fonts/type1/public/amsfonts/symbols/msbm10.pfb></usr/local/texlive/2
019/texmf-dist/fonts/type1/urw/helvetic/uhvb8a.pfb></usr/local/texlive/2019/tex
mf-dist/fonts/type1/urw/helvetic/uhvr8a.pfb></usr/local/texlive/2019/texmf-dist
/fonts/type1/urw/helvetic/uhvro8a.pfb>
Output written on main.pdf (14 pages, 130394 bytes).
PDF statistics:
 202 PDF objects out of 1000 (max. 8388607)
 161 compressed objects within 2 object streams
 45 named destinations out of 1000 (max. 500000)
 48 words of extra memory for PDF output out of 10000 (max. 10000000)

